<?xml version="1.0" encoding="UTF-8"?>
<!-- Generated by org.testng.reporters.JUnitReportReporter -->
<testsuite hostname="DESKTOP-6KVTDPA" failures="0" tests="1" name="AmazonTest.SearchTest" time="0.267" errors="0" timestamp="2024-04-22T15:40:22 IST" skipped="0">
  <testcase classname="AmazonTest.SearchTest" name="testsearch" time="0.267"/>
</testsuite> <!-- AmazonTest.SearchTest -->
